<?xml version="1.0" encoding="UTF-8"?>
<testng-results ignored="0" total="4" passed="4" failed="0" skipped="0">
  <reporter-output>
  </reporter-output>
  <suite started-at="2023-01-24T13:12:48 CET" name="All Test Suite" finished-at="2023-01-24T13:12:48 CET" duration-ms="219">
    <groups>
    </groups>
    <test started-at="2023-01-24T13:12:48 CET" name="Test1" finished-at="2023-01-24T13:12:48 CET" duration-ms="115">
      <class name="TestNG.pack1.Class2">
        <test-method signature="xyz()[pri:0, instance:TestNG.pack1.Class2@48fa0f47]" started-at="2023-01-24T13:12:48 CET" name="xyz" finished-at="2023-01-24T13:12:48 CET" duration-ms="1" status="PASS">
          <reporter-output>
          </reporter-output>
        </test-method> <!-- xyz -->
        <test-method is-config="true" signature="n()[pri:0, instance:TestNG.pack1.Class2@48fa0f47]" started-at="2023-01-24T13:12:48 CET" name="n" finished-at="2023-01-24T13:12:48 CET" duration-ms="2" status="PASS">
          <reporter-output>
          </reporter-output>
        </test-method> <!-- n -->
      </class> <!-- TestNG.pack1.Class2 -->
      <class name="TestNG.pack1.Class1">
        <test-method is-config="true" signature="m()[pri:0, instance:TestNG.pack1.Class1@159f197]" started-at="2023-01-24T13:12:48 CET" name="m" finished-at="2023-01-24T13:12:48 CET" duration-ms="2" status="PASS">
          <reporter-output>
          </reporter-output>
        </test-method> <!-- m -->
        <test-method signature="abc()[pri:0, instance:TestNG.pack1.Class1@159f197]" started-at="2023-01-24T13:12:48 CET" name="abc" finished-at="2023-01-24T13:12:48 CET" duration-ms="1" status="PASS">
          <reporter-output>
          </reporter-output>
        </test-method> <!-- abc -->
      </class> <!-- TestNG.pack1.Class1 -->
    </test> <!-- Test1 -->
    <test started-at="2023-01-24T13:12:48 CET" name="Test2" finished-at="2023-01-24T13:12:48 CET" duration-ms="11">
      <class name="TestNG.pack1.Class2">
        <test-method signature="xyz()[pri:0, instance:TestNG.pack1.Class2@69b2283a]" started-at="2023-01-24T13:12:48 CET" name="xyz" finished-at="2023-01-24T13:12:48 CET" duration-ms="2" status="PASS">
          <reporter-output>
          </reporter-output>
        </test-method> <!-- xyz -->
        <test-method is-config="true" signature="n()[pri:0, instance:TestNG.pack1.Class2@69b2283a]" started-at="2023-01-24T13:12:48 CET" name="n" finished-at="2023-01-24T13:12:48 CET" duration-ms="1" status="PASS">
          <reporter-output>
          </reporter-output>
        </test-method> <!-- n -->
      </class> <!-- TestNG.pack1.Class2 -->
      <class name="TestNG.pack1.Class1">
        <test-method is-config="true" signature="beforeSuite()[pri:0, instance:TestNG.pack1.Class1@bef2d72]" started-at="2023-01-24T13:12:48 CET" name="beforeSuite" finished-at="2023-01-24T13:12:48 CET" duration-ms="27" status="PASS">
          <reporter-output>
          </reporter-output>
        </test-method> <!-- beforeSuite -->
        <test-method is-config="true" signature="m()[pri:0, instance:TestNG.pack1.Class1@bef2d72]" started-at="2023-01-24T13:12:48 CET" name="m" finished-at="2023-01-24T13:12:48 CET" duration-ms="0" status="PASS">
          <reporter-output>
          </reporter-output>
        </test-method> <!-- m -->
        <test-method signature="abc()[pri:0, instance:TestNG.pack1.Class1@bef2d72]" started-at="2023-01-24T13:12:48 CET" name="abc" finished-at="2023-01-24T13:12:48 CET" duration-ms="0" status="PASS">
          <reporter-output>
          </reporter-output>
        </test-method> <!-- abc -->
        <test-method is-config="true" signature="afterSuite()[pri:0, instance:TestNG.pack1.Class1@bef2d72]" started-at="2023-01-24T13:12:48 CET" name="afterSuite" finished-at="2023-01-24T13:12:48 CET" duration-ms="1" status="PASS">
          <reporter-output>
          </reporter-output>
        </test-method> <!-- afterSuite -->
      </class> <!-- TestNG.pack1.Class1 -->
    </test> <!-- Test2 -->
  </suite> <!-- All Test Suite -->
</testng-results>
