<?xml version="1.0" encoding="UTF-8"?>
<testng-results ignored="0" total="2" passed="2" failed="0" skipped="0">
  <reporter-output>
  </reporter-output>
  <suite started-at="2023-01-24T12:28:49 CET" name="All Test Suite" finished-at="2023-01-24T12:28:49 CET" duration-ms="99">
    <groups>
    </groups>
    <test started-at="2023-01-24T12:28:49 CET" name="C:/Users/Vladimir/Desktop/New folder (3)/Selenium/selenumwebdrivermaven/src/main/java/TestNG/Annotations.java" finished-at="2023-01-24T12:28:49 CET" duration-ms="99">
      <class name="TestNG.Annotations">
        <test-method is-config="true" signature="login()[pri:0, instance:TestNG.Annotations@29176cc1]" started-at="2023-01-24T12:28:49 CET" name="login" finished-at="2023-01-24T12:28:49 CET" duration-ms="15" status="PASS">
          <reporter-output>
          </reporter-output>
        </test-method> <!-- login -->
        <test-method signature="search()[pri:1, instance:TestNG.Annotations@29176cc1]" started-at="2023-01-24T12:28:49 CET" name="search" finished-at="2023-01-24T12:28:49 CET" duration-ms="2" status="PASS">
          <reporter-output>
          </reporter-output>
        </test-method> <!-- search -->
        <test-method is-config="true" signature="logout()[pri:0, instance:TestNG.Annotations@29176cc1]" started-at="2023-01-24T12:28:49 CET" name="logout" finished-at="2023-01-24T12:28:49 CET" duration-ms="1" status="PASS">
          <reporter-output>
          </reporter-output>
        </test-method> <!-- logout -->
        <test-method is-config="true" signature="login()[pri:0, instance:TestNG.Annotations@29176cc1]" started-at="2023-01-24T12:28:49 CET" name="login" finished-at="2023-01-24T12:28:49 CET" duration-ms="1" status="PASS">
          <reporter-output>
          </reporter-output>
        </test-method> <!-- login -->
        <test-method signature="advancedSearch()[pri:2, instance:TestNG.Annotations@29176cc1]" started-at="2023-01-24T12:28:49 CET" name="advancedSearch" finished-at="2023-01-24T12:28:49 CET" duration-ms="3" status="PASS">
          <reporter-output>
          </reporter-output>
        </test-method> <!-- advancedSearch -->
        <test-method is-config="true" signature="logout()[pri:0, instance:TestNG.Annotations@29176cc1]" started-at="2023-01-24T12:28:49 CET" name="logout" finished-at="2023-01-24T12:28:49 CET" duration-ms="2" status="PASS">
          <reporter-output>
          </reporter-output>
        </test-method> <!-- logout -->
      </class> <!-- TestNG.Annotations -->
    </test> <!-- C:/Users/Vladimir/Desktop/New folder (3)/Selenium/selenumwebdrivermaven/src/main/java/TestNG/Annotations.java -->
  </suite> <!-- All Test Suite -->
</testng-results>
